<?xml version="1.0" encoding="UTF-8"?>
<testng-results skipped="0" failed="0" ignored="0" total="1" passed="1">
  <reporter-output>
  </reporter-output>
  <suite name="Default suite" duration-ms="2070" started-at="2018-12-15T14:20:35Z" finished-at="2018-12-15T14:20:37Z">
    <groups>
    </groups>
    <test name="Default test" duration-ms="2070" started-at="2018-12-15T14:20:35Z" finished-at="2018-12-15T14:20:37Z">
      <class name="com.qa.test.RestClientTest">
        <test-method status="PASS" signature="setup()[pri:0, instance:com.qa.test.RestClientTest@4f933fd1]" name="setup" is-config="true" duration-ms="21" started-at="2018-12-15T14:20:35Z" finished-at="2018-12-15T14:20:35Z">
          <reporter-output>
          </reporter-output>
        </test-method> <!-- setup -->
        <test-method status="PASS" signature="getAPITest()[pri:0, instance:com.qa.test.RestClientTest@4f933fd1]" name="getAPITest" duration-ms="2026" started-at="2018-12-15T14:20:35Z" finished-at="2018-12-15T14:20:37Z">
          <reporter-output>
          </reporter-output>
        </test-method> <!-- getAPITest -->
      </class> <!-- com.qa.test.RestClientTest -->
    </test> <!-- Default test -->
  </suite> <!-- Default suite -->
</testng-results>
